2025-07-05 10:23:54.632  INFO 15132 --- [main] c.a.healthCare.HealthCareApplication     : Starting HealthCareApplication using Java 17.0.9 on DESKTOP-U0LPMSN with PID 15132 (D:\AnnularTech\HealthCare\HealthCare\target\classes started by USER in D:\AnnularTech\HealthCare\HealthCare)
2025-07-05 10:23:54.647  INFO 15132 --- [main] c.a.healthCare.HealthCareApplication     : No active profile set, falling back to 1 default profile: "default"
2025-07-05 10:23:56.404  INFO 15132 --- [main] .s.d.r.c.RepositoryConfigurationDelegate : Bootstrapping Spring Data JPA repositories in DEFAULT mode.
2025-07-05 10:23:56.744  INFO 15132 --- [main] .s.d.r.c.RepositoryConfigurationDelegate : Finished Spring Data repository scanning in 320 ms. Found 35 JPA repository interfaces.
2025-07-05 10:23:58.407  INFO 15132 --- [main] o.s.b.w.embedded.tomcat.TomcatWebServer  : Tomcat initialized with port(s): 8080 (http)
2025-07-05 10:23:58.429  INFO 15132 --- [main] o.apache.catalina.core.StandardService   : Starting service [Tomcat]
2025-07-05 10:23:58.430  INFO 15132 --- [main] org.apache.catalina.core.StandardEngine  : Starting Servlet engine: [Apache Tomcat/9.0.71]
2025-07-05 10:23:58.754  INFO 15132 --- [main] o.a.c.c.C.[Tomcat].[localhost].[/]       : Initializing Spring embedded WebApplicationContext
2025-07-05 10:23:58.755  INFO 15132 --- [main] w.s.c.ServletWebServerApplicationContext : Root WebApplicationContext: initialization completed in 3977 ms
2025-07-05 10:23:59.225  INFO 15132 --- [main] o.hibernate.jpa.internal.util.LogHelper  : HHH000204: Processing PersistenceUnitInfo [name: default]
2025-07-05 10:23:59.352  INFO 15132 --- [main] org.hibernate.Version                    : HHH000412: Hibernate ORM core version 5.6.14.Final
2025-07-05 10:23:59.710  INFO 15132 --- [main] o.hibernate.annotations.common.Version   : HCANN000001: Hibernate Commons Annotations {5.1.2.Final}
2025-07-05 10:23:59.956  INFO 15132 --- [main] com.zaxxer.hikari.HikariDataSource       : HikariPool-1 - Starting...
2025-07-05 10:24:01.632  INFO 15132 --- [main] com.zaxxer.hikari.HikariDataSource       : HikariPool-1 - Start completed.
2025-07-05 10:24:01.697  INFO 15132 --- [main] org.hibernate.dialect.Dialect            : HHH000400: Using dialect: org.hibernate.dialect.PostgreSQLDialect
2025-07-05 10:24:19.766  INFO 15132 --- [main] o.h.e.t.j.p.i.JtaPlatformInitiator       : HHH000490: Using JtaPlatform implementation: [org.hibernate.engine.transaction.jta.platform.internal.NoJtaPlatform]
2025-07-05 10:24:19.794  INFO 15132 --- [main] j.LocalContainerEntityManagerFactoryBean : Initialized JPA EntityManagerFactory for persistence unit 'default'
2025-07-05 10:24:23.582  INFO 15132 --- [main] o.s.s.web.DefaultSecurityFilterChain     : Will secure any request with [org.springframework.security.web.session.DisableEncodeUrlFilter@58f05266, org.springframework.security.web.context.request.async.WebAsyncManagerIntegrationFilter@2b3ac26d, org.springframework.security.web.context.SecurityContextPersistenceFilter@32180efb, org.springframework.security.web.header.HeaderWriterFilter@529cd3ba, org.springframework.web.filter.CorsFilter@13515709, org.springframework.security.web.authentication.logout.LogoutFilter@2c5e2a44, com.annular.healthCare.security.Jwt.AuthTokenFilter@59f5a376, org.springframework.security.web.savedrequest.RequestCacheAwareFilter@6ea0dfaa, org.springframework.security.web.servletapi.SecurityContextHolderAwareRequestFilter@5852605c, org.springframework.security.web.authentication.AnonymousAuthenticationFilter@1b3a1e42, org.springframework.security.web.session.SessionManagementFilter@4e6881e, org.springframework.security.web.access.ExceptionTranslationFilter@46d2be66, org.springframework.security.web.access.intercept.FilterSecurityInterceptor@544faa01]
2025-07-05 10:24:23.652  WARN 15132 --- [main] JpaBaseConfiguration$JpaWebConfiguration : spring.jpa.open-in-view is enabled by default. Therefore, database queries may be performed during view rendering. Explicitly configure spring.jpa.open-in-view to disable this warning
2025-07-05 10:24:23.944 DEBUG 15132 --- [main] s.w.s.m.m.a.RequestMappingHandlerAdapter : ControllerAdvice beans: 0 @ModelAttribute, 0 @InitBinder, 1 RequestBodyAdvice, 1 ResponseBodyAdvice
2025-07-05 10:24:24.133 DEBUG 15132 --- [main] s.w.s.m.m.a.RequestMappingHandlerMapping : 99 mappings in 'requestMappingHandlerMapping'
2025-07-05 10:24:24.199 DEBUG 15132 --- [main] o.s.w.s.handler.SimpleUrlHandlerMapping  : Patterns [/webjars/**, /**] in 'resourceHandlerMapping'
2025-07-05 10:24:24.225 DEBUG 15132 --- [main] .m.m.a.ExceptionHandlerExceptionResolver : ControllerAdvice beans: 0 @ExceptionHandler, 1 ResponseBodyAdvice
2025-07-05 10:24:24.492  INFO 15132 --- [main] o.s.b.w.embedded.tomcat.TomcatWebServer  : Tomcat started on port(s): 8080 (http) with context path ''
2025-07-05 10:24:24.515  INFO 15132 --- [main] c.a.healthCare.HealthCareApplication     : Started HealthCareApplication in 30.88 seconds (JVM running for 32.062)
2025-07-05 10:24:52.613  INFO 15132 --- [http-nio-8080-exec-1] o.a.c.c.C.[Tomcat].[localhost].[/]       : Initializing Spring DispatcherServlet 'dispatcherServlet'
2025-07-05 10:24:52.613  INFO 15132 --- [http-nio-8080-exec-1] o.s.web.servlet.DispatcherServlet        : Initializing Servlet 'dispatcherServlet'
2025-07-05 10:24:52.613 DEBUG 15132 --- [http-nio-8080-exec-1] o.s.web.servlet.DispatcherServlet        : Detected StandardServletMultipartResolver
2025-07-05 10:24:52.613 DEBUG 15132 --- [http-nio-8080-exec-1] o.s.web.servlet.DispatcherServlet        : Detected AcceptHeaderLocaleResolver
2025-07-05 10:24:52.613 DEBUG 15132 --- [http-nio-8080-exec-1] o.s.web.servlet.DispatcherServlet        : Detected FixedThemeResolver
2025-07-05 10:24:52.616 DEBUG 15132 --- [http-nio-8080-exec-1] o.s.web.servlet.DispatcherServlet        : Detected org.springframework.web.servlet.view.DefaultRequestToViewNameTranslator@435a13ac
2025-07-05 10:24:52.617 DEBUG 15132 --- [http-nio-8080-exec-1] o.s.web.servlet.DispatcherServlet        : Detected org.springframework.web.servlet.support.SessionFlashMapManager@9d455a6
2025-07-05 10:24:52.617 DEBUG 15132 --- [http-nio-8080-exec-1] o.s.web.servlet.DispatcherServlet        : enableLoggingRequestDetails='false': request parameters and headers will be masked to prevent unsafe logging of potentially sensitive data
2025-07-05 10:24:52.618  INFO 15132 --- [http-nio-8080-exec-1] o.s.web.servlet.DispatcherServlet        : Completed initialization in 5 ms
2025-07-05 10:24:52.623  INFO 15132 --- [http-nio-8080-exec-1] com.annular.healthCare.security.MyCors   : Request URI -> null
2025-07-05 10:24:52.644  INFO 15132 --- [http-nio-8080-exec-1] c.a.h.security.Jwt.AuthTokenFilter       : JWT from request :- eyJhbGciOiJIUzUxMiJ9.eyJ1c2VyRW1haWxJZCI6InN1cGVyYWRtaW5AZ21haWwuY29tIiwidXNlclR5cGUiOiJTVVBFUkFETUlOIiwiaWF0IjoxNzUwMzI5MDI3LCJleHAiOjE3NTA0MTU0Mjd9.4zqcX0yPKtPamyAoSbI1E3ie-dcnPvzWuEdD7T5PYx4gjtYMpleft0K0WtydNF3HJy6oUVASzxQ5D03m9S7OGA
2025-07-05 10:24:52.748 ERROR 15132 --- [http-nio-8080-exec-1] c.a.healthCare.security.Jwt.JwtUtils     : Invalid JWT signature: JWT signature does not match locally computed signature. JWT validity cannot be asserted and should not be trusted.
2025-07-05 10:24:52.749  INFO 15132 --- [http-nio-8080-exec-1] c.a.h.security.Jwt.AuthTokenFilter       : JWT not available...
2025-07-05 10:24:52.766 DEBUG 15132 --- [http-nio-8080-exec-1] o.s.web.servlet.DispatcherServlet        : POST "/auth/login", parameters={}
2025-07-05 10:24:52.772 DEBUG 15132 --- [http-nio-8080-exec-1] s.w.s.m.m.a.RequestMappingHandlerMapping : Mapped to com.annular.healthCare.controller.AuthenticationController#login(UserWebModel)
2025-07-05 10:24:53.011 DEBUG 15132 --- [http-nio-8080-exec-1] m.m.a.RequestResponseBodyMethodProcessor : Read "application/json;charset=UTF-8" to [UserWebModel(userId=null, emailId=superadmin@gmail.com, password=1234, userType=null, phoneNumber=nu (truncated)...]
2025-07-05 10:24:53.727  INFO 15132 --- [http-nio-8080-exec-1] c.a.h.s.serviceImpl.AuthServiceImpl      : createRefreshToken method start
2025-07-05 10:24:54.059  INFO 15132 --- [http-nio-8080-exec-1] c.a.h.s.serviceImpl.AuthServiceImpl      : createRefreshToken method end
2025-07-05 10:24:54.083  INFO 15132 --- [http-nio-8080-exec-1] c.a.h.c.AuthenticationController         : Login successful for user: superadmin@gmail.com
2025-07-05 10:24:54.123 DEBUG 15132 --- [http-nio-8080-exec-1] o.s.w.s.m.m.a.HttpEntityMethodProcessor  : Using 'application/json', given [*/*] and supported [application/json, application/*+json, application/json, application/*+json]
2025-07-05 10:24:54.139 DEBUG 15132 --- [http-nio-8080-exec-1] o.s.w.s.m.m.a.HttpEntityMethodProcessor  : Writing [JwtResponse(jwt=eyJhbGciOiJIUzUxMiJ9.eyJ1c2VyRW1haWxJZCI6InN1cGVyYWRtaW5AZ21haWwuY29tIiwidXNlclR5cGU (truncated)...]
2025-07-05 10:24:54.156 DEBUG 15132 --- [http-nio-8080-exec-1] o.s.web.servlet.DispatcherServlet        : Completed 200 OK
2025-07-05 10:25:00.097  INFO 15132 --- [scheduling-1] c.a.h.C.AppointmentNotificationScheduler : Running appointment reminder job at IST date: 2025-07-05 time: 10:25
2025-07-05 10:25:00.097  INFO 15132 --- [scheduling-1] c.a.h.C.AppointmentNotificationScheduler : Looking for appointments at IST date: 2025-07-05 time: 10:55
2025-07-05 10:25:00.227  INFO 15132 --- [scheduling-1] c.a.h.C.AppointmentNotificationScheduler : Found 0 appointments to send reminders for
2025-07-05 10:25:12.027  INFO 15132 --- [http-nio-8080-exec-2] com.annular.healthCare.security.MyCors   : Request URI -> null
2025-07-05 10:25:12.028  INFO 15132 --- [http-nio-8080-exec-2] c.a.h.security.Jwt.AuthTokenFilter       : JWT from request :- eyJhbGciOiJIUzUxMiJ9.eyJ1c2VyRW1haWxJZCI6InN1cGVyYWRtaW5AZ21haWwuY29tIiwidXNlclR5cGUiOiJTVVBFUkFETUlOIiwiaWF0IjoxNzUxNjkxMjk0LCJleHAiOjE3NTE2OTE1OTR9.AM4HsuYHfcSuAW8nlTyeJ-g9_bb6ACK3xvbDpTCe_RBvd8Q25yVgP9bSveQL1uiGpecotM289K_XOVaPyM9org
2025-07-05 10:25:12.031  INFO 15132 --- [http-nio-8080-exec-2] c.a.h.security.Jwt.AuthTokenFilter       : JWT available...
2025-07-05 10:25:12.044  INFO 15132 --- [http-nio-8080-exec-2] c.a.h.security.Jwt.AuthTokenFilter       : Username with UserType: superadmin@gmail.com^SUPERADMIN
2025-07-05 10:25:12.229 DEBUG 15132 --- [http-nio-8080-exec-2] o.s.web.servlet.DispatcherServlet        : POST "/auth/forgotPassword", parameters={}
2025-07-05 10:25:12.229 DEBUG 15132 --- [http-nio-8080-exec-2] s.w.s.m.m.a.RequestMappingHandlerMapping : Mapped to com.annular.healthCare.controller.AuthenticationController#requestPasswordReset(UserWebModel)
2025-07-05 10:25:12.231 DEBUG 15132 --- [http-nio-8080-exec-2] m.m.a.RequestResponseBodyMethodProcessor : Read "application/json;charset=UTF-8" to [UserWebModel(userId=null, emailId=null, password=null, userType=null, phoneNumber=null, userIsActive (truncated)...]
2025-07-05 10:25:12.322 DEBUG 15132 --- [http-nio-8080-exec-2] o.s.w.s.m.m.a.HttpEntityMethodProcessor  : Using 'application/json', given [*/*] and supported [application/json, application/*+json, application/json, application/*+json]
2025-07-05 10:25:12.323 DEBUG 15132 --- [http-nio-8080-exec-2] o.s.w.s.m.m.a.HttpEntityMethodProcessor  : Writing [com.annular.healthCare.Response@66ef293e]
2025-07-05 10:25:12.324 DEBUG 15132 --- [http-nio-8080-exec-2] o.s.web.servlet.DispatcherServlet        : Completed 200 OK
2025-07-05 10:25:32.559  INFO 15132 --- [http-nio-8080-exec-4] com.annular.healthCare.security.MyCors   : Request URI -> null
2025-07-05 10:25:32.565  INFO 15132 --- [http-nio-8080-exec-4] c.a.h.security.Jwt.AuthTokenFilter       : JWT from request :- eyJhbGciOiJIUzUxMiJ9.eyJ1c2VyRW1haWxJZCI6InN1cGVyYWRtaW5AZ21haWwuY29tIiwidXNlclR5cGUiOiJTVVBFUkFETUlOIiwiaWF0IjoxNzUxNjkxMjk0LCJleHAiOjE3NTE2OTE1OTR9.AM4HsuYHfcSuAW8nlTyeJ-g9_bb6ACK3xvbDpTCe_RBvd8Q25yVgP9bSveQL1uiGpecotM289K_XOVaPyM9org
2025-07-05 10:25:32.578  INFO 15132 --- [http-nio-8080-exec-4] c.a.h.security.Jwt.AuthTokenFilter       : JWT available...
2025-07-05 10:25:32.606  INFO 15132 --- [http-nio-8080-exec-4] c.a.h.security.Jwt.AuthTokenFilter       : Username with UserType: superadmin@gmail.com^SUPERADMIN
2025-07-05 10:25:32.809 DEBUG 15132 --- [http-nio-8080-exec-4] o.s.web.servlet.DispatcherServlet        : POST "/auth/forgotPassword", parameters={}
2025-07-05 10:25:32.813 DEBUG 15132 --- [http-nio-8080-exec-4] s.w.s.m.m.a.RequestMappingHandlerMapping : Mapped to com.annular.healthCare.controller.AuthenticationController#requestPasswordReset(UserWebModel)
2025-07-05 10:25:32.822 DEBUG 15132 --- [http-nio-8080-exec-4] m.m.a.RequestResponseBodyMethodProcessor : Read "application/json;charset=UTF-8" to [UserWebModel(userId=null, emailId=null, password=null, userType=null, phoneNumber=null, userIsActive (truncated)...]
2025-07-05 10:25:37.992 DEBUG 15132 --- [http-nio-8080-exec-4] o.s.w.s.m.m.a.HttpEntityMethodProcessor  : Using 'application/json', given [*/*] and supported [application/json, application/*+json, application/json, application/*+json]
2025-07-05 10:25:37.993 DEBUG 15132 --- [http-nio-8080-exec-4] o.s.w.s.m.m.a.HttpEntityMethodProcessor  : Writing [com.annular.healthCare.Response@5eed5e24]
2025-07-05 10:25:37.995 DEBUG 15132 --- [http-nio-8080-exec-4] o.s.web.servlet.DispatcherServlet        : Completed 200 OK
2025-07-05 10:26:00.080  INFO 15132 --- [scheduling-1] c.a.h.C.AppointmentNotificationScheduler : Running appointment reminder job at IST date: 2025-07-05 time: 10:26
2025-07-05 10:26:00.080  INFO 15132 --- [scheduling-1] c.a.h.C.AppointmentNotificationScheduler : Looking for appointments at IST date: 2025-07-05 time: 10:56
2025-07-05 10:26:00.185  INFO 15132 --- [scheduling-1] c.a.h.C.AppointmentNotificationScheduler : Found 0 appointments to send reminders for
2025-07-05 10:27:00.095  INFO 15132 --- [scheduling-1] c.a.h.C.AppointmentNotificationScheduler : Running appointment reminder job at IST date: 2025-07-05 time: 10:27
2025-07-05 10:27:00.095  INFO 15132 --- [scheduling-1] c.a.h.C.AppointmentNotificationScheduler : Looking for appointments at IST date: 2025-07-05 time: 10:57
2025-07-05 10:27:00.180  INFO 15132 --- [scheduling-1] c.a.h.C.AppointmentNotificationScheduler : Found 0 appointments to send reminders for
2025-07-05 10:28:00.067  INFO 15132 --- [scheduling-1] c.a.h.C.AppointmentNotificationScheduler : Running appointment reminder job at IST date: 2025-07-05 time: 10:28
2025-07-05 10:28:00.068  INFO 15132 --- [scheduling-1] c.a.h.C.AppointmentNotificationScheduler : Looking for appointments at IST date: 2025-07-05 time: 10:58
2025-07-05 10:28:00.153  INFO 15132 --- [scheduling-1] c.a.h.C.AppointmentNotificationScheduler : Found 0 appointments to send reminders for
2025-07-05 10:29:00.064  INFO 15132 --- [scheduling-1] c.a.h.C.AppointmentNotificationScheduler : Running appointment reminder job at IST date: 2025-07-05 time: 10:29
2025-07-05 10:29:00.064  INFO 15132 --- [scheduling-1] c.a.h.C.AppointmentNotificationScheduler : Looking for appointments at IST date: 2025-07-05 time: 10:59
2025-07-05 10:29:00.143  INFO 15132 --- [scheduling-1] c.a.h.C.AppointmentNotificationScheduler : Found 0 appointments to send reminders for
